# JRE version: Java(TM) SE Runtime Environment (7.0_65-b19) (build 1.7.0_65-b19)
# Java VM: Java HotSpot(TM) 64-Bit Server VM (24.65-b04 mixed mode windows-amd64 compressed oops)
Heap
 PSYoungGen      total 76288K, used 28259K [0x00000007ab400000, 0x00000007b0900000, 0x0000000800000000)
  eden space 65536K, 26% used [0x00000007ab400000,0x00000007ac51f190,0x00000007af400000)
  from space 10752K, 99% used [0x00000007afe80000,0x00000007b08f9ab8,0x00000007b0900000)
  to   space 10752K, 0% used [0x00000007af400000,0x00000007af400000,0x00000007afe80000)
 ParOldGen       total 173568K, used 39132K [0x0000000701c00000, 0x000000070c580000, 0x00000007ab400000)
  object space 173568K, 22% used [0x0000000701c00000,0x0000000704237230,0x000000070c580000)
 PSPermGen       total 21504K, used 7362K [0x00000006fca00000, 0x00000006fdf00000, 0x0000000701c00000)
  object space 21504K, 34% used [0x00000006fca00000,0x00000006fd130910,0x00000006fdf00000)
GC Heap History (8 events):
Event: 7.723 GC heap before
{Heap before GC invocations=1 (full 0):
 PSYoungGen      total 76288K, used 65536K [0x00000007ab400000, 0x00000007b0900000, 0x0000000800000000)
  eden space 65536K, 100% used [0x00000007ab400000,0x00000007af400000,0x00000007af400000)
  from space 10752K, 0% used [0x00000007afe80000,0x00000007afe80000,0x00000007b0900000)
  to   space 10752K, 0% used [0x00000007af400000,0x00000007af400000,0x00000007afe80000)
 ParOldGen       total 173568K, used 0K [0x0000000701c00000, 0x000000070c580000, 0x00000007ab400000)
  object space 173568K, 0% used [0x0000000701c00000,0x0000000701c00000,0x000000070c580000)
 PSPermGen       total 21504K, used 5947K [0x00000006fca00000, 0x00000006fdf00000, 0x0000000701c00000)
  object space 21504K, 27% used [0x00000006fca00000,0x00000006fcfcefa0,0x00000006fdf00000)
Event: 7.730 GC heap after
Heap after GC invocations=1 (full 0):
 PSYoungGen      total 76288K, used 10739K [0x00000007ab400000, 0x00000007b0900000, 0x0000000800000000)
  eden space 65536K, 0% used [0x00000007ab400000,0x00000007ab400000,0x00000007af400000)
  from space 10752K, 99% used [0x00000007af400000,0x00000007afe7cdf0,0x00000007afe80000)
  to   space 10752K, 0% used [0x00000007afe80000,0x00000007afe80000,0x00000007b0900000)
 ParOldGen       total 173568K, used 4870K [0x0000000701c00000, 0x000000070c580000, 0x00000007ab400000)
  object space 173568K, 2% used [0x0000000701c00000,0x00000007020c1a58,0x000000070c580000)
 PSPermGen       total 21504K, used 5947K [0x00000006fca00000, 0x00000006fdf00000, 0x0000000701c00000)
  object space 21504K, 27% used [0x00000006fca00000,0x00000006fcfcefa0,0x00000006fdf00000)
}
Event: 46.680 GC heap before
{Heap before GC invocations=2 (full 0):
 PSYoungGen      total 76288K, used 76275K [0x00000007ab400000, 0x00000007b0900000, 0x0000000800000000)
  eden space 65536K, 100% used [0x00000007ab400000,0x00000007af400000,0x00000007af400000)
  from space 10752K, 99% used [0x00000007af400000,0x00000007afe7cdf0,0x00000007afe80000)
  to   space 10752K, 0% used [0x00000007afe80000,0x00000007afe80000,0x00000007b0900000)
 ParOldGen       total 173568K, used 4870K [0x0000000701c00000, 0x000000070c580000, 0x00000007ab400000)
  object space 173568K, 2% used [0x0000000701c00000,0x00000007020c1a58,0x000000070c580000)
 PSPermGen       total 21504K, used 6389K [0x00000006fca00000, 0x00000006fdf00000, 0x0000000701c00000)
  object space 21504K, 29% used [0x00000006fca00000,0x00000006fd03d450,0x00000006fdf00000)
Event: 46.687 GC heap after
Heap after GC invocations=2 (full 0):
 PSYoungGen      total 76288K, used 10720K [0x00000007ab400000, 0x00000007b0900000, 0x0000000800000000)
  eden space 65536K, 0% used [0x00000007ab400000,0x00000007ab400000,0x00000007af400000)
  from space 10752K, 99% used [0x00000007afe80000,0x00000007b08f80b0,0x00000007b0900000)
  to   space 10752K, 0% used [0x00000007af400000,0x00000007af400000,0x00000007afe80000)
 ParOldGen       total 173568K, used 6803K [0x0000000701c00000, 0x000000070c580000, 0x00000007ab400000)
  object space 173568K, 3% used [0x0000000701c00000,0x00000007022a4ce8,0x000000070c580000)
 PSPermGen       total 21504K, used 6389K [0x00000006fca00000, 0x00000006fdf00000, 0x0000000701c00000)
  object space 21504K, 29% used [0x00000006fca00000,0x00000006fd03d450,0x00000006fdf00000)
}
Event: 50.997 GC heap before
{Heap before GC invocations=3 (full 0):
 PSYoungGen      total 76288K, used 76256K [0x00000007ab400000, 0x00000007b0900000, 0x0000000800000000)
  eden space 65536K, 100% used [0x00000007ab400000,0x00000007af400000,0x00000007af400000)
  from space 10752K, 99% used [0x00000007afe80000,0x00000007b08f80b0,0x00000007b0900000)
  to   space 10752K, 0% used [0x00000007af400000,0x00000007af400000,0x00000007afe80000)
 ParOldGen       total 173568K, used 6803K [0x0000000701c00000, 0x000000070c580000, 0x00000007ab400000)
  object space 173568K, 3% used [0x0000000701c00000,0x00000007022a4ce8,0x000000070c580000)
 PSPermGen       total 21504K, used 6983K [0x00000006fca00000, 0x00000006fdf00000, 0x0000000701c00000)
  object space 21504K, 32% used [0x00000006fca00000,0x00000006fd0d1f08,0x00000006fdf00000)
Event: 51.008 GC heap after
Heap after GC invocations=3 (full 0):
 PSYoungGen      total 76288K, used 10750K [0x00000007ab400000, 0x00000007b0900000, 0x0000000800000000)
  eden space 65536K, 0% used [0x00000007ab400000,0x00000007ab400000,0x00000007af400000)
  from space 10752K, 99% used [0x00000007af400000,0x00000007afe7f8f0,0x00000007afe80000)
  to   space 10752K, 0% used [0x00000007afe80000,0x00000007afe80000,0x00000007b0900000)
 ParOldGen       total 173568K, used 25366K [0x0000000701c00000, 0x000000070c580000, 0x00000007ab400000)
  object space 173568K, 14% used [0x0000000701c00000,0x00000007034c58b8,0x000000070c580000)
 PSPermGen       total 21504K, used 6983K [0x00000006fca00000, 0x00000006fdf00000, 0x0000000701c00000)
  object space 21504K, 32% used [0x00000006fca00000,0x00000006fd0d1f08,0x00000006fdf00000)
}
Event: 55.348 GC heap before
{Heap before GC invocations=4 (full 0):
 PSYoungGen      total 76288K, used 76286K [0x00000007ab400000, 0x00000007b0900000, 0x0000000800000000)
  eden space 65536K, 100% used [0x00000007ab400000,0x00000007af400000,0x00000007af400000)
  from space 10752K, 99% used [0x00000007af400000,0x00000007afe7f8f0,0x00000007afe80000)
  to   space 10752K, 0% used [0x00000007afe80000,0x00000007afe80000,0x00000007b0900000)
 ParOldGen       total 173568K, used 25366K [0x0000000701c00000, 0x000000070c580000, 0x00000007ab400000)
  object space 173568K, 14% used [0x0000000701c00000,0x00000007034c58b8,0x000000070c580000)
 PSPermGen       total 21504K, used 7085K [0x00000006fca00000, 0x00000006fdf00000, 0x0000000701c00000)
  object space 21504K, 32% used [0x00000006fca00000,0x00000006fd0eb5d8,0x00000006fdf00000)
Event: 55.358 GC heap after
Heap after GC invocations=4 (full 0):
 PSYoungGen      total 76288K, used 10726K [0x00000007ab400000, 0x00000007b0900000, 0x0000000800000000)
  eden space 65536K, 0% used [0x00000007ab400000,0x00000007ab400000,0x00000007af400000)
  from space 10752K, 99% used [0x00000007afe80000,0x00000007b08f9ab8,0x00000007b0900000)
  to   space 10752K, 0% used [0x00000007af400000,0x00000007af400000,0x00000007afe80000)
 ParOldGen       total 173568K, used 39132K [0x0000000701c00000, 0x000000070c580000, 0x00000007ab400000)
  object space 173568K, 22% used [0x0000000701c00000,0x0000000704237230,0x000000070c580000)
 PSPermGen       total 21504K, used 7085K [0x00000006fca00000, 0x00000006fdf00000, 0x0000000701c00000)
  object space 21504K, 32% used [0x00000006fca00000,0x00000006fd0eb5d8,0x00000006fdf00000)
}

