# JRE version: Java(TM) SE Runtime Environment (7.0_65-b19) (build 1.7.0_65-b19)
# Java VM: Java HotSpot(TM) 64-Bit Server VM (24.65-b04 mixed mode windows-amd64 compressed oops)
Heap
 PSYoungGen      total 141824K, used 53399K [0x00000007ab400000, 0x00000007b4900000, 0x0000000800000000)
  eden space 131072K, 32% used [0x00000007ab400000,0x00000007addaa360,0x00000007b3400000)
  from space 10752K, 99% used [0x00000007b3e80000,0x00000007b48fb910,0x00000007b4900000)
  to   space 10752K, 0% used [0x00000007b3400000,0x00000007b3400000,0x00000007b3e80000)
 ParOldGen       total 173568K, used 39098K [0x0000000701c00000, 0x000000070c580000, 0x00000007ab400000)
  object space 173568K, 22% used [0x0000000701c00000,0x000000070422e818,0x000000070c580000)
 PSPermGen       total 21504K, used 7401K [0x00000006fca00000, 0x00000006fdf00000, 0x0000000701c00000)
  object space 21504K, 34% used [0x00000006fca00000,0x00000006fd13a7b0,0x00000006fdf00000)
GC Heap History (8 events):
Event: 4.876 GC heap before
{Heap before GC invocations=1 (full 0):
 PSYoungGen      total 76288K, used 65536K [0x00000007ab400000, 0x00000007b0900000, 0x0000000800000000)
  eden space 65536K, 100% used [0x00000007ab400000,0x00000007af400000,0x00000007af400000)
  from space 10752K, 0% used [0x00000007afe80000,0x00000007afe80000,0x00000007b0900000)
  to   space 10752K, 0% used [0x00000007af400000,0x00000007af400000,0x00000007afe80000)
 ParOldGen       total 173568K, used 0K [0x0000000701c00000, 0x000000070c580000, 0x00000007ab400000)
  object space 173568K, 0% used [0x0000000701c00000,0x0000000701c00000,0x000000070c580000)
 PSPermGen       total 21504K, used 5951K [0x00000006fca00000, 0x00000006fdf00000, 0x0000000701c00000)
  object space 21504K, 27% used [0x00000006fca00000,0x00000006fcfcff78,0x00000006fdf00000)
Event: 4.882 GC heap after
Heap after GC invocations=1 (full 0):
 PSYoungGen      total 76288K, used 10739K [0x00000007ab400000, 0x00000007b0900000, 0x0000000800000000)
  eden space 65536K, 0% used [0x00000007ab400000,0x00000007ab400000,0x00000007af400000)
  from space 10752K, 99% used [0x00000007af400000,0x00000007afe7cd90,0x00000007afe80000)
  to   space 10752K, 0% used [0x00000007afe80000,0x00000007afe80000,0x00000007b0900000)
 ParOldGen       total 173568K, used 4856K [0x0000000701c00000, 0x000000070c580000, 0x00000007ab400000)
  object space 173568K, 2% used [0x0000000701c00000,0x00000007020be000,0x000000070c580000)
 PSPermGen       total 21504K, used 5951K [0x00000006fca00000, 0x00000006fdf00000, 0x0000000701c00000)
  object space 21504K, 27% used [0x00000006fca00000,0x00000006fcfcff78,0x00000006fdf00000)
}
Event: 5.281 GC heap before
{Heap before GC invocations=2 (full 0):
 PSYoungGen      total 76288K, used 76275K [0x00000007ab400000, 0x00000007b0900000, 0x0000000800000000)
  eden space 65536K, 100% used [0x00000007ab400000,0x00000007af400000,0x00000007af400000)
  from space 10752K, 99% used [0x00000007af400000,0x00000007afe7cd90,0x00000007afe80000)
  to   space 10752K, 0% used [0x00000007afe80000,0x00000007afe80000,0x00000007b0900000)
 ParOldGen       total 173568K, used 4856K [0x0000000701c00000, 0x000000070c580000, 0x00000007ab400000)
  object space 173568K, 2% used [0x0000000701c00000,0x00000007020be000,0x000000070c580000)
 PSPermGen       total 21504K, used 6390K [0x00000006fca00000, 0x00000006fdf00000, 0x0000000701c00000)
  object space 21504K, 29% used [0x00000006fca00000,0x00000006fd03d9d0,0x00000006fdf00000)
Event: 5.287 GC heap after
Heap after GC invocations=2 (full 0):
 PSYoungGen      total 76288K, used 10720K [0x00000007ab400000, 0x00000007b0900000, 0x0000000800000000)
  eden space 65536K, 0% used [0x00000007ab400000,0x00000007ab400000,0x00000007af400000)
  from space 10752K, 99% used [0x00000007afe80000,0x00000007b08f8090,0x00000007b0900000)
  to   space 10752K, 0% used [0x00000007af400000,0x00000007af400000,0x00000007afe80000)
 ParOldGen       total 173568K, used 6868K [0x0000000701c00000, 0x000000070c580000, 0x00000007ab400000)
  object space 173568K, 3% used [0x0000000701c00000,0x00000007022b52b0,0x000000070c580000)
 PSPermGen       total 21504K, used 6390K [0x00000006fca00000, 0x00000006fdf00000, 0x0000000701c00000)
  object space 21504K, 29% used [0x00000006fca00000,0x00000006fd03d9d0,0x00000006fdf00000)
}
Event: 5.567 GC heap before
{Heap before GC invocations=3 (full 0):
 PSYoungGen      total 76288K, used 76256K [0x00000007ab400000, 0x00000007b0900000, 0x0000000800000000)
  eden space 65536K, 100% used [0x00000007ab400000,0x00000007af400000,0x00000007af400000)
  from space 10752K, 99% used [0x00000007afe80000,0x00000007b08f8090,0x00000007b0900000)
  to   space 10752K, 0% used [0x00000007af400000,0x00000007af400000,0x00000007afe80000)
 ParOldGen       total 173568K, used 6868K [0x0000000701c00000, 0x000000070c580000, 0x00000007ab400000)
  object space 173568K, 3% used [0x0000000701c00000,0x00000007022b52b0,0x000000070c580000)
 PSPermGen       total 21504K, used 6983K [0x00000006fca00000, 0x00000006fdf00000, 0x0000000701c00000)
  object space 21504K, 32% used [0x00000006fca00000,0x00000006fd0d1fc8,0x00000006fdf00000)
Event: 5.577 GC heap after
Heap after GC invocations=3 (full 0):
 PSYoungGen      total 76288K, used 10750K [0x00000007ab400000, 0x00000007b4900000, 0x0000000800000000)
  eden space 65536K, 0% used [0x00000007ab400000,0x00000007ab400000,0x00000007af400000)
  from space 10752K, 99% used [0x00000007af400000,0x00000007afe7f920,0x00000007afe80000)
  to   space 10752K, 0% used [0x00000007b3e80000,0x00000007b3e80000,0x00000007b4900000)
 ParOldGen       total 173568K, used 25793K [0x0000000701c00000, 0x000000070c580000, 0x00000007ab400000)
  object space 173568K, 14% used [0x0000000701c00000,0x00000007035304e0,0x000000070c580000)
 PSPermGen       total 21504K, used 6983K [0x00000006fca00000, 0x00000006fdf00000, 0x0000000701c00000)
  object space 21504K, 32% used [0x00000006fca00000,0x00000006fd0d1fc8,0x00000006fdf00000)
}
Event: 5.705 GC heap before
{Heap before GC invocations=4 (full 0):
 PSYoungGen      total 76288K, used 76286K [0x00000007ab400000, 0x00000007b4900000, 0x0000000800000000)
  eden space 65536K, 100% used [0x00000007ab400000,0x00000007af400000,0x00000007af400000)
  from space 10752K, 99% used [0x00000007af400000,0x00000007afe7f920,0x00000007afe80000)
  to   space 10752K, 0% used [0x00000007b3e80000,0x00000007b3e80000,0x00000007b4900000)
 ParOldGen       total 173568K, used 25793K [0x0000000701c00000, 0x000000070c580000, 0x00000007ab400000)
  object space 173568K, 14% used [0x0000000701c00000,0x00000007035304e0,0x000000070c580000)
 PSPermGen       total 21504K, used 7082K [0x00000006fca00000, 0x00000006fdf00000, 0x0000000701c00000)
  object space 21504K, 32% used [0x00000006fca00000,0x00000006fd0eaa68,0x00000006fdf00000)
Event: 5.717 GC heap after
Heap after GC invocations=4 (full 0):
 PSYoungGen      total 141824K, used 10734K [0x00000007ab400000, 0x00000007b4900000, 0x0000000800000000)
  eden space 131072K, 0% used [0x00000007ab400000,0x00000007ab400000,0x00000007b3400000)
  from space 10752K, 99% used [0x00000007b3e80000,0x00000007b48fb910,0x00000007b4900000)
  to   space 10752K, 0% used [0x00000007b3400000,0x00000007b3400000,0x00000007b3e80000)
 ParOldGen       total 173568K, used 39098K [0x0000000701c00000, 0x000000070c580000, 0x00000007ab400000)
  object space 173568K, 22% used [0x0000000701c00000,0x000000070422e818,0x000000070c580000)
 PSPermGen       total 21504K, used 7082K [0x00000006fca00000, 0x00000006fdf00000, 0x0000000701c00000)
  object space 21504K, 32% used [0x00000006fca00000,0x00000006fd0eaa68,0x00000006fdf00000)
}

